# JRE version: Java(TM) SE Runtime Environment (8.0_221-b11) (build 1.8.0_221-b11)
# Java VM: Java HotSpot(TM) 64-Bit Server VM (25.221-b11 mixed mode windows-amd64 compressed oops)
Heap:
 PSYoungGen      total 18944K, used 3019K [0x00000000eb180000, 0x00000000ed300000, 0x0000000100000000)
  eden space 16384K, 8% used [0x00000000eb180000,0x00000000eb2eb410,0x00000000ec180000)
  from space 2560K, 61% used [0x00000000ec180000,0x00000000ec307910,0x00000000ec400000)
  to   space 2560K, 0% used [0x00000000ed080000,0x00000000ed080000,0x00000000ed300000)
 ParOldGen       total 51712K, used 18894K [0x00000000c1400000, 0x00000000c4680000, 0x00000000eb180000)
  object space 51712K, 36% used [0x00000000c1400000,0x00000000c2673ac8,0x00000000c4680000)
 Metaspace       used 8791K, capacity 8959K, committed 9216K, reserved 1056768K
  class space    used 901K, capacity 954K, committed 1024K, reserved 1048576K
GC Heap History (8 events):
Event: 1.003 GC heap before
{Heap before GC invocations=1 (full 0):
 PSYoungGen      total 18944K, used 16384K [0x00000000eb180000, 0x00000000ec680000, 0x0000000100000000)
  eden space 16384K, 100% used [0x00000000eb180000,0x00000000ec180000,0x00000000ec180000)
  from space 2560K, 0% used [0x00000000ec400000,0x00000000ec400000,0x00000000ec680000)
  to   space 2560K, 0% used [0x00000000ec180000,0x00000000ec180000,0x00000000ec400000)
 ParOldGen       total 44032K, used 0K [0x00000000c1400000, 0x00000000c3f00000, 0x00000000eb180000)
  object space 44032K, 0% used [0x00000000c1400000,0x00000000c1400000,0x00000000c3f00000)
 Metaspace       used 8673K, capacity 8831K, committed 8960K, reserved 1056768K
  class space    used 900K, capacity 954K, committed 1024K, reserved 1048576K
Event: 1.013 GC heap after
Heap after GC invocations=1 (full 0):
 PSYoungGen      total 18944K, used 2556K [0x00000000eb180000, 0x00000000ec680000, 0x0000000100000000)
  eden space 16384K, 0% used [0x00000000eb180000,0x00000000eb180000,0x00000000ec180000)
  from space 2560K, 99% used [0x00000000ec180000,0x00000000ec3ff160,0x00000000ec400000)
  to   space 2560K, 0% used [0x00000000ec400000,0x00000000ec400000,0x00000000ec680000)
 ParOldGen       total 44032K, used 21114K [0x00000000c1400000, 0x00000000c3f00000, 0x00000000eb180000)
  object space 44032K, 47% used [0x00000000c1400000,0x00000000c289e8a8,0x00000000c3f00000)
 Metaspace       used 8673K, capacity 8831K, committed 8960K, reserved 1056768K
  class space    used 900K, capacity 954K, committed 1024K, reserved 1048576K
}
Event: 1.095 GC heap before
{Heap before GC invocations=2 (full 0):
 PSYoungGen      total 18944K, used 17419K [0x00000000eb180000, 0x00000000ec680000, 0x0000000100000000)
  eden space 16384K, 90% used [0x00000000eb180000,0x00000000ec003d38,0x00000000ec180000)
  from space 2560K, 99% used [0x00000000ec180000,0x00000000ec3ff160,0x00000000ec400000)
  to   space 2560K, 0% used [0x00000000ec400000,0x00000000ec400000,0x00000000ec680000)
 ParOldGen       total 44032K, used 21114K [0x00000000c1400000, 0x00000000c3f00000, 0x00000000eb180000)
  object space 44032K, 47% used [0x00000000c1400000,0x00000000c289e8a8,0x00000000c3f00000)
 Metaspace       used 8694K, capacity 8831K, committed 8960K, reserved 1056768K
  class space    used 901K, capacity 954K, committed 1024K, reserved 1048576K
Event: 1.098 GC heap after
Heap after GC invocations=2 (full 0):
 PSYoungGen      total 18944K, used 2193K [0x00000000eb180000, 0x00000000ed680000, 0x0000000100000000)
  eden space 16384K, 0% used [0x00000000eb180000,0x00000000eb180000,0x00000000ec180000)
  from space 2560K, 85% used [0x00000000ec400000,0x00000000ec6245d8,0x00000000ec680000)
  to   space 2560K, 0% used [0x00000000ec180000,0x00000000ec180000,0x00000000ec400000)
 ParOldGen       total 44032K, used 23231K [0x00000000c1400000, 0x00000000c3f00000, 0x00000000eb180000)
  object space 44032K, 52% used [0x00000000c1400000,0x00000000c2aafe48,0x00000000c3f00000)
 Metaspace       used 8694K, capacity 8831K, committed 8960K, reserved 1056768K
  class space    used 901K, capacity 954K, committed 1024K, reserved 1048576K
}
Event: 1.098 GC heap before
{Heap before GC invocations=3 (full 1):
 PSYoungGen      total 18944K, used 2193K [0x00000000eb180000, 0x00000000ed680000, 0x0000000100000000)
  eden space 16384K, 0% used [0x00000000eb180000,0x00000000eb180000,0x00000000ec180000)
  from space 2560K, 85% used [0x00000000ec400000,0x00000000ec6245d8,0x00000000ec680000)
  to   space 2560K, 0% used [0x00000000ec180000,0x00000000ec180000,0x00000000ec400000)
 ParOldGen       total 44032K, used 23231K [0x00000000c1400000, 0x00000000c3f00000, 0x00000000eb180000)
  object space 44032K, 52% used [0x00000000c1400000,0x00000000c2aafe48,0x00000000c3f00000)
 Metaspace       used 8694K, capacity 8831K, committed 8960K, reserved 1056768K
  class space    used 901K, capacity 954K, committed 1024K, reserved 1048576K
Event: 1.111 GC heap after
Heap after GC invocations=3 (full 1):
 PSYoungGen      total 18944K, used 0K [0x00000000eb180000, 0x00000000ed680000, 0x0000000100000000)
  eden space 16384K, 0% used [0x00000000eb180000,0x00000000eb180000,0x00000000ec180000)
  from space 2560K, 0% used [0x00000000ec400000,0x00000000ec400000,0x00000000ec680000)
  to   space 2560K, 0% used [0x00000000ec180000,0x00000000ec180000,0x00000000ec400000)
 ParOldGen       total 51712K, used 2647K [0x00000000c1400000, 0x00000000c4680000, 0x00000000eb180000)
  object space 51712K, 5% used [0x00000000c1400000,0x00000000c1695d48,0x00000000c4680000)
 Metaspace       used 8694K, capacity 8831K, committed 8960K, reserved 1056768K
  class space    used 901K, capacity 954K, committed 1024K, reserved 1048576K
}
Event: 1.138 GC heap before
{Heap before GC invocations=4 (full 1):
 PSYoungGen      total 18944K, used 16384K [0x00000000eb180000, 0x00000000ed680000, 0x0000000100000000)
  eden space 16384K, 100% used [0x00000000eb180000,0x00000000ec180000,0x00000000ec180000)
  from space 2560K, 0% used [0x00000000ec400000,0x00000000ec400000,0x00000000ec680000)
  to   space 2560K, 0% used [0x00000000ec180000,0x00000000ec180000,0x00000000ec400000)
 ParOldGen       total 51712K, used 2647K [0x00000000c1400000, 0x00000000c4680000, 0x00000000eb180000)
  object space 51712K, 5% used [0x00000000c1400000,0x00000000c1695d48,0x00000000c4680000)
 Metaspace       used 8695K, capacity 8831K, committed 8960K, reserved 1056768K
  class space    used 901K, capacity 954K, committed 1024K, reserved 1048576K
Event: 1.141 GC heap after
Heap after GC invocations=4 (full 1):
 PSYoungGen      total 18944K, used 1566K [0x00000000eb180000, 0x00000000ed300000, 0x0000000100000000)
  eden space 16384K, 0% used [0x00000000eb180000,0x00000000eb180000,0x00000000ec180000)
  from space 2560K, 61% used [0x00000000ec180000,0x00000000ec307910,0x00000000ec400000)
  to   space 2560K, 0% used [0x00000000ed080000,0x00000000ed080000,0x00000000ed300000)
 ParOldGen       total 51712K, used 18894K [0x00000000c1400000, 0x00000000c4680000, 0x00000000eb180000)
  object space 51712K, 36% used [0x00000000c1400000,0x00000000c2673ac8,0x00000000c4680000)
 Metaspace       used 8695K, capacity 8831K, committed 8960K, reserved 1056768K
  class space    used 901K, capacity 954K, committed 1024K, reserved 1048576K
}

