# JRE version: Java(TM) SE Runtime Environment (8.0_221-b11) (build 1.8.0_221-b11)
# Java VM: Java HotSpot(TM) 64-Bit Server VM (25.221-b11 mixed mode windows-amd64 compressed oops)
Heap:
 PSYoungGen      total 33280K, used 4822K [0x00000000eb180000, 0x00000000f0700000, 0x0000000100000000)
  eden space 30720K, 10% used [0x00000000eb180000,0x00000000eb48d730,0x00000000ecf80000)
  from space 2560K, 66% used [0x00000000ecf80000,0x00000000ed128408,0x00000000ed200000)
  to   space 16896K, 0% used [0x00000000ef680000,0x00000000ef680000,0x00000000f0700000)
 ParOldGen       total 77312K, used 27107K [0x00000000c1400000, 0x00000000c5f80000, 0x00000000eb180000)
  object space 77312K, 35% used [0x00000000c1400000,0x00000000c2e78c58,0x00000000c5f80000)
 Metaspace       used 8930K, capacity 9087K, committed 9216K, reserved 1056768K
  class space    used 911K, capacity 954K, committed 1024K, reserved 1048576K
GC Heap History (10 events):
Event: 1.107 GC heap before
{Heap before GC invocations=2 (full 0):
 PSYoungGen      total 18944K, used 15980K [0x00000000eb180000, 0x00000000ec680000, 0x0000000100000000)
  eden space 16384K, 82% used [0x00000000eb180000,0x00000000ebea14e0,0x00000000ec180000)
  from space 2560K, 99% used [0x00000000ec180000,0x00000000ec3f9ea0,0x00000000ec400000)
  to   space 2560K, 0% used [0x00000000ec400000,0x00000000ec400000,0x00000000ec680000)
 ParOldGen       total 44032K, used 14339K [0x00000000c1400000, 0x00000000c3f00000, 0x00000000eb180000)
  object space 44032K, 32% used [0x00000000c1400000,0x00000000c2200fb0,0x00000000c3f00000)
 Metaspace       used 8830K, capacity 8959K, committed 9216K, reserved 1056768K
  class space    used 911K, capacity 954K, committed 1024K, reserved 1048576K
Event: 1.109 GC heap after
Heap after GC invocations=2 (full 0):
 PSYoungGen      total 18944K, used 1360K [0x00000000eb180000, 0x00000000ed680000, 0x0000000100000000)
  eden space 16384K, 0% used [0x00000000eb180000,0x00000000eb180000,0x00000000ec180000)
  from space 2560K, 53% used [0x00000000ec400000,0x00000000ec554040,0x00000000ec680000)
  to   space 2560K, 0% used [0x00000000ec180000,0x00000000ec180000,0x00000000ec400000)
 ParOldGen       total 44032K, used 14347K [0x00000000c1400000, 0x00000000c3f00000, 0x00000000eb180000)
  object space 44032K, 32% used [0x00000000c1400000,0x00000000c2202fb0,0x00000000c3f00000)
 Metaspace       used 8830K, capacity 8959K, committed 9216K, reserved 1056768K
  class space    used 911K, capacity 954K, committed 1024K, reserved 1048576K
}
Event: 1.179 GC heap before
{Heap before GC invocations=3 (full 0):
 PSYoungGen      total 18944K, used 17744K [0x00000000eb180000, 0x00000000ed680000, 0x0000000100000000)
  eden space 16384K, 100% used [0x00000000eb180000,0x00000000ec180000,0x00000000ec180000)
  from space 2560K, 53% used [0x00000000ec400000,0x00000000ec554040,0x00000000ec680000)
  to   space 2560K, 0% used [0x00000000ec180000,0x00000000ec180000,0x00000000ec400000)
 ParOldGen       total 44032K, used 14347K [0x00000000c1400000, 0x00000000c3f00000, 0x00000000eb180000)
  object space 44032K, 32% used [0x00000000c1400000,0x00000000c2202fb0,0x00000000c3f00000)
 Metaspace       used 8830K, capacity 8959K, committed 9216K, reserved 1056768K
  class space    used 911K, capacity 954K, committed 1024K, reserved 1048576K
Event: 1.191 GC heap after
Heap after GC invocations=3 (full 0):
 PSYoungGen      total 18944K, used 1104K [0x00000000eb180000, 0x00000000ed680000, 0x0000000100000000)
  eden space 16384K, 0% used [0x00000000eb180000,0x00000000eb180000,0x00000000ec180000)
  from space 2560K, 43% used [0x00000000ec180000,0x00000000ec294020,0x00000000ec400000)
  to   space 2560K, 0% used [0x00000000ed400000,0x00000000ed400000,0x00000000ed680000)
 ParOldGen       total 53248K, used 52244K [0x00000000c1400000, 0x00000000c4800000, 0x00000000eb180000)
  object space 53248K, 98% used [0x00000000c1400000,0x00000000c4705050,0x00000000c4800000)
 Metaspace       used 8830K, capacity 8959K, committed 9216K, reserved 1056768K
  class space    used 911K, capacity 954K, committed 1024K, reserved 1048576K
}
Event: 1.191 GC heap before
{Heap before GC invocations=4 (full 1):
 PSYoungGen      total 18944K, used 1104K [0x00000000eb180000, 0x00000000ed680000, 0x0000000100000000)
  eden space 16384K, 0% used [0x00000000eb180000,0x00000000eb180000,0x00000000ec180000)
  from space 2560K, 43% used [0x00000000ec180000,0x00000000ec294020,0x00000000ec400000)
  to   space 2560K, 0% used [0x00000000ed400000,0x00000000ed400000,0x00000000ed680000)
 ParOldGen       total 53248K, used 52244K [0x00000000c1400000, 0x00000000c4800000, 0x00000000eb180000)
  object space 53248K, 98% used [0x00000000c1400000,0x00000000c4705050,0x00000000c4800000)
 Metaspace       used 8830K, capacity 8959K, committed 9216K, reserved 1056768K
  class space    used 911K, capacity 954K, committed 1024K, reserved 1048576K
Event: 1.205 GC heap after
Heap after GC invocations=4 (full 1):
 PSYoungGen      total 18944K, used 0K [0x00000000eb180000, 0x00000000ed680000, 0x0000000100000000)
  eden space 16384K, 0% used [0x00000000eb180000,0x00000000eb180000,0x00000000ec180000)
  from space 2560K, 0% used [0x00000000ec180000,0x00000000ec180000,0x00000000ec400000)
  to   space 2560K, 0% used [0x00000000ed400000,0x00000000ed400000,0x00000000ed680000)
 ParOldGen       total 77312K, used 12953K [0x00000000c1400000, 0x00000000c5f80000, 0x00000000eb180000)
  object space 77312K, 16% used [0x00000000c1400000,0x00000000c20a6468,0x00000000c5f80000)
 Metaspace       used 8830K, capacity 8959K, committed 9216K, reserved 1056768K
  class space    used 911K, capacity 954K, committed 1024K, reserved 1048576K
}
Event: 1.225 GC heap before
{Heap before GC invocations=5 (full 1):
 PSYoungGen      total 18944K, used 16384K [0x00000000eb180000, 0x00000000ed680000, 0x0000000100000000)
  eden space 16384K, 100% used [0x00000000eb180000,0x00000000ec180000,0x00000000ec180000)
  from space 2560K, 0% used [0x00000000ec180000,0x00000000ec180000,0x00000000ec400000)
  to   space 2560K, 0% used [0x00000000ed400000,0x00000000ed400000,0x00000000ed680000)
 ParOldGen       total 77312K, used 12953K [0x00000000c1400000, 0x00000000c5f80000, 0x00000000eb180000)
  object space 77312K, 16% used [0x00000000c1400000,0x00000000c20a6468,0x00000000c5f80000)
 Metaspace       used 8830K, capacity 8959K, committed 9216K, reserved 1056768K
  class space    used 911K, capacity 954K, committed 1024K, reserved 1048576K
Event: 1.225 GC heap after
Heap after GC invocations=5 (full 1):
 PSYoungGen      total 30208K, used 32K [0x00000000eb180000, 0x00000000ed480000, 0x0000000100000000)
  eden space 29696K, 0% used [0x00000000eb180000,0x00000000eb180000,0x00000000ece80000)
  from space 512K, 6% used [0x00000000ed400000,0x00000000ed408000,0x00000000ed480000)
  to   space 2560K, 0% used [0x00000000ecf80000,0x00000000ecf80000,0x00000000ed200000)
 ParOldGen       total 77312K, used 12961K [0x00000000c1400000, 0x00000000c5f80000, 0x00000000eb180000)
  object space 77312K, 16% used [0x00000000c1400000,0x00000000c20a8468,0x00000000c5f80000)
 Metaspace       used 8830K, capacity 8959K, committed 9216K, reserved 1056768K
  class space    used 911K, capacity 954K, committed 1024K, reserved 1048576K
}
Event: 1.297 GC heap before
{Heap before GC invocations=6 (full 1):
 PSYoungGen      total 30208K, used 29728K [0x00000000eb180000, 0x00000000ed480000, 0x0000000100000000)
  eden space 29696K, 100% used [0x00000000eb180000,0x00000000ece80000,0x00000000ece80000)
  from space 512K, 6% used [0x00000000ed400000,0x00000000ed408000,0x00000000ed480000)
  to   space 2560K, 0% used [0x00000000ecf80000,0x00000000ecf80000,0x00000000ed200000)
 ParOldGen       total 77312K, used 12961K [0x00000000c1400000, 0x00000000c5f80000, 0x00000000eb180000)
  object space 77312K, 16% used [0x00000000c1400000,0x00000000c20a8468,0x00000000c5f80000)
 Metaspace       used 8832K, capacity 8959K, committed 9216K, reserved 1056768K
  class space    used 911K, capacity 954K, committed 1024K, reserved 1048576K
Event: 1.301 GC heap after
Heap after GC invocations=6 (full 1):
 PSYoungGen      total 33280K, used 1697K [0x00000000eb180000, 0x00000000f0700000, 0x0000000100000000)
  eden space 30720K, 0% used [0x00000000eb180000,0x00000000eb180000,0x00000000ecf80000)
  from space 2560K, 66% used [0x00000000ecf80000,0x00000000ed128408,0x00000000ed200000)
  to   space 16896K, 0% used [0x00000000ef680000,0x00000000ef680000,0x00000000f0700000)
 ParOldGen       total 77312K, used 27107K [0x00000000c1400000, 0x00000000c5f80000, 0x00000000eb180000)
  object space 77312K, 35% used [0x00000000c1400000,0x00000000c2e78c58,0x00000000c5f80000)
 Metaspace       used 8832K, capacity 8959K, committed 9216K, reserved 1056768K
  class space    used 911K, capacity 954K, committed 1024K, reserved 1048576K
}

