# JRE version: Java(TM) SE Runtime Environment (8.0_221-b11) (build 1.8.0_221-b11)
# Java VM: Java HotSpot(TM) 64-Bit Server VM (25.221-b11 mixed mode windows-amd64 compressed oops)
Heap:
 PSYoungGen      total 33280K, used 4738K [0x00000000eb180000, 0x00000000f0900000, 0x0000000100000000)
  eden space 30720K, 9% used [0x00000000eb180000,0x00000000eb4784c8,0x00000000ecf80000)
  from space 2560K, 66% used [0x00000000ecf80000,0x00000000ed128408,0x00000000ed200000)
  to   space 17920K, 0% used [0x00000000ef780000,0x00000000ef780000,0x00000000f0900000)
 ParOldGen       total 77824K, used 27458K [0x00000000c1400000, 0x00000000c6000000, 0x00000000eb180000)
  object space 77824K, 35% used [0x00000000c1400000,0x00000000c2ed0b00,0x00000000c6000000)
 Metaspace       used 8859K, capacity 8959K, committed 9216K, reserved 1056768K
  class space    used 911K, capacity 954K, committed 1024K, reserved 1048576K
GC Heap History (10 events):
Event: 1.250 GC heap before
{Heap before GC invocations=2 (full 0):
 PSYoungGen      total 18944K, used 15996K [0x00000000eb180000, 0x00000000ec680000, 0x0000000100000000)
  eden space 16384K, 82% used [0x00000000eb180000,0x00000000ebea1538,0x00000000ec180000)
  from space 2560K, 99% used [0x00000000ec180000,0x00000000ec3fdeb0,0x00000000ec400000)
  to   space 2560K, 0% used [0x00000000ec400000,0x00000000ec400000,0x00000000ec680000)
 ParOldGen       total 44032K, used 15365K [0x00000000c1400000, 0x00000000c3f00000, 0x00000000eb180000)
  object space 44032K, 34% used [0x00000000c1400000,0x00000000c2301618,0x00000000c3f00000)
 Metaspace       used 8835K, capacity 8959K, committed 9216K, reserved 1056768K
  class space    used 911K, capacity 954K, committed 1024K, reserved 1048576K
Event: 1.252 GC heap after
Heap after GC invocations=2 (full 0):
 PSYoungGen      total 18944K, used 1504K [0x00000000eb180000, 0x00000000ec680000, 0x0000000100000000)
  eden space 16384K, 0% used [0x00000000eb180000,0x00000000eb180000,0x00000000ec180000)
  from space 2560K, 58% used [0x00000000ec400000,0x00000000ec578050,0x00000000ec680000)
  to   space 2560K, 0% used [0x00000000ec180000,0x00000000ec180000,0x00000000ec400000)
 ParOldGen       total 44032K, used 15373K [0x00000000c1400000, 0x00000000c3f00000, 0x00000000eb180000)
  object space 44032K, 34% used [0x00000000c1400000,0x00000000c2303618,0x00000000c3f00000)
 Metaspace       used 8835K, capacity 8959K, committed 9216K, reserved 1056768K
  class space    used 911K, capacity 954K, committed 1024K, reserved 1048576K
}
Event: 1.327 GC heap before
{Heap before GC invocations=3 (full 0):
 PSYoungGen      total 18944K, used 17888K [0x00000000eb180000, 0x00000000ec680000, 0x0000000100000000)
  eden space 16384K, 100% used [0x00000000eb180000,0x00000000ec180000,0x00000000ec180000)
  from space 2560K, 58% used [0x00000000ec400000,0x00000000ec578050,0x00000000ec680000)
  to   space 2560K, 0% used [0x00000000ec180000,0x00000000ec180000,0x00000000ec400000)
 ParOldGen       total 44032K, used 15373K [0x00000000c1400000, 0x00000000c3f00000, 0x00000000eb180000)
  object space 44032K, 34% used [0x00000000c1400000,0x00000000c2303618,0x00000000c3f00000)
 Metaspace       used 8835K, capacity 8959K, committed 9216K, reserved 1056768K
  class space    used 911K, capacity 954K, committed 1024K, reserved 1048576K
Event: 1.341 GC heap after
Heap after GC invocations=3 (full 0):
 PSYoungGen      total 18944K, used 1280K [0x00000000eb180000, 0x00000000ed680000, 0x0000000100000000)
  eden space 16384K, 0% used [0x00000000eb180000,0x00000000eb180000,0x00000000ec180000)
  from space 2560K, 50% used [0x00000000ec180000,0x00000000ec2c0030,0x00000000ec400000)
  to   space 2560K, 0% used [0x00000000ed400000,0x00000000ed400000,0x00000000ed680000)
 ParOldGen       total 56832K, used 53269K [0x00000000c1400000, 0x00000000c4b80000, 0x00000000eb180000)
  object space 56832K, 93% used [0x00000000c1400000,0x00000000c48056b8,0x00000000c4b80000)
 Metaspace       used 8835K, capacity 8959K, committed 9216K, reserved 1056768K
  class space    used 911K, capacity 954K, committed 1024K, reserved 1048576K
}
Event: 1.341 GC heap before
{Heap before GC invocations=4 (full 1):
 PSYoungGen      total 18944K, used 1280K [0x00000000eb180000, 0x00000000ed680000, 0x0000000100000000)
  eden space 16384K, 0% used [0x00000000eb180000,0x00000000eb180000,0x00000000ec180000)
  from space 2560K, 50% used [0x00000000ec180000,0x00000000ec2c0030,0x00000000ec400000)
  to   space 2560K, 0% used [0x00000000ed400000,0x00000000ed400000,0x00000000ed680000)
 ParOldGen       total 56832K, used 53269K [0x00000000c1400000, 0x00000000c4b80000, 0x00000000eb180000)
  object space 56832K, 93% used [0x00000000c1400000,0x00000000c48056b8,0x00000000c4b80000)
 Metaspace       used 8835K, capacity 8959K, committed 9216K, reserved 1056768K
  class space    used 911K, capacity 954K, committed 1024K, reserved 1048576K
Event: 1.357 GC heap after
Heap after GC invocations=4 (full 1):
 PSYoungGen      total 18944K, used 0K [0x00000000eb180000, 0x00000000ed680000, 0x0000000100000000)
  eden space 16384K, 0% used [0x00000000eb180000,0x00000000eb180000,0x00000000ec180000)
  from space 2560K, 0% used [0x00000000ec180000,0x00000000ec180000,0x00000000ec400000)
  to   space 2560K, 0% used [0x00000000ed400000,0x00000000ed400000,0x00000000ed680000)
 ParOldGen       total 77824K, used 12953K [0x00000000c1400000, 0x00000000c6000000, 0x00000000eb180000)
  object space 77824K, 16% used [0x00000000c1400000,0x00000000c20a64d0,0x00000000c6000000)
 Metaspace       used 8835K, capacity 8959K, committed 9216K, reserved 1056768K
  class space    used 911K, capacity 954K, committed 1024K, reserved 1048576K
}
Event: 1.377 GC heap before
{Heap before GC invocations=5 (full 1):
 PSYoungGen      total 18944K, used 16384K [0x00000000eb180000, 0x00000000ed680000, 0x0000000100000000)
  eden space 16384K, 100% used [0x00000000eb180000,0x00000000ec180000,0x00000000ec180000)
  from space 2560K, 0% used [0x00000000ec180000,0x00000000ec180000,0x00000000ec400000)
  to   space 2560K, 0% used [0x00000000ed400000,0x00000000ed400000,0x00000000ed680000)
 ParOldGen       total 77824K, used 12953K [0x00000000c1400000, 0x00000000c6000000, 0x00000000eb180000)
  object space 77824K, 16% used [0x00000000c1400000,0x00000000c20a64d0,0x00000000c6000000)
 Metaspace       used 8837K, capacity 8959K, committed 9216K, reserved 1056768K
  class space    used 911K, capacity 954K, committed 1024K, reserved 1048576K
Event: 1.377 GC heap after
Heap after GC invocations=5 (full 1):
 PSYoungGen      total 30208K, used 32K [0x00000000eb180000, 0x00000000ed480000, 0x0000000100000000)
  eden space 29696K, 0% used [0x00000000eb180000,0x00000000eb180000,0x00000000ece80000)
  from space 512K, 6% used [0x00000000ed400000,0x00000000ed408000,0x00000000ed480000)
  to   space 2560K, 0% used [0x00000000ecf80000,0x00000000ecf80000,0x00000000ed200000)
 ParOldGen       total 77824K, used 12961K [0x00000000c1400000, 0x00000000c6000000, 0x00000000eb180000)
  object space 77824K, 16% used [0x00000000c1400000,0x00000000c20a84d0,0x00000000c6000000)
 Metaspace       used 8837K, capacity 8959K, committed 9216K, reserved 1056768K
  class space    used 911K, capacity 954K, committed 1024K, reserved 1048576K
}
Event: 1.475 GC heap before
{Heap before GC invocations=6 (full 1):
 PSYoungGen      total 30208K, used 29728K [0x00000000eb180000, 0x00000000ed480000, 0x0000000100000000)
  eden space 29696K, 100% used [0x00000000eb180000,0x00000000ece80000,0x00000000ece80000)
  from space 512K, 6% used [0x00000000ed400000,0x00000000ed408000,0x00000000ed480000)
  to   space 2560K, 0% used [0x00000000ecf80000,0x00000000ecf80000,0x00000000ed200000)
 ParOldGen       total 77824K, used 12961K [0x00000000c1400000, 0x00000000c6000000, 0x00000000eb180000)
  object space 77824K, 16% used [0x00000000c1400000,0x00000000c20a84d0,0x00000000c6000000)
 Metaspace       used 8843K, capacity 8959K, committed 9216K, reserved 1056768K
  class space    used 911K, capacity 954K, committed 1024K, reserved 1048576K
Event: 1.479 GC heap after
Heap after GC invocations=6 (full 1):
 PSYoungGen      total 33280K, used 1697K [0x00000000eb180000, 0x00000000f0900000, 0x0000000100000000)
  eden space 30720K, 0% used [0x00000000eb180000,0x00000000eb180000,0x00000000ecf80000)
  from space 2560K, 66% used [0x00000000ecf80000,0x00000000ed128408,0x00000000ed200000)
  to   space 17920K, 0% used [0x00000000ef780000,0x00000000ef780000,0x00000000f0900000)
 ParOldGen       total 77824K, used 27458K [0x00000000c1400000, 0x00000000c6000000, 0x00000000eb180000)
  object space 77824K, 35% used [0x00000000c1400000,0x00000000c2ed0b00,0x00000000c6000000)
 Metaspace       used 8843K, capacity 8959K, committed 9216K, reserved 1056768K
  class space    used 911K, capacity 954K, committed 1024K, reserved 1048576K
}

