# JRE version: Java(TM) SE Runtime Environment (8.0_221-b11) (build 1.8.0_221-b11)
# Java VM: Java HotSpot(TM) 64-Bit Server VM (25.221-b11 mixed mode windows-amd64 compressed oops)
Heap:
 PSYoungGen      total 18944K, used 3334K [0x00000000eb180000, 0x00000000ed300000, 0x0000000100000000)
  eden space 16384K, 10% used [0x00000000eb180000,0x00000000eb32a148,0x00000000ec180000)
  from space 2560K, 63% used [0x00000000ec180000,0x00000000ec317910,0x00000000ec400000)
  to   space 2560K, 0% used [0x00000000ed080000,0x00000000ed080000,0x00000000ed300000)
 ParOldGen       total 50176K, used 20308K [0x00000000c1400000, 0x00000000c4500000, 0x00000000eb180000)
  object space 50176K, 40% used [0x00000000c1400000,0x00000000c27d5228,0x00000000c4500000)
 Metaspace       used 8782K, capacity 8959K, committed 9216K, reserved 1056768K
  class space    used 901K, capacity 954K, committed 1024K, reserved 1048576K
GC Heap History (8 events):
Event: 1.015 GC heap before
{Heap before GC invocations=1 (full 0):
 PSYoungGen      total 18944K, used 16384K [0x00000000eb180000, 0x00000000ec680000, 0x0000000100000000)
  eden space 16384K, 100% used [0x00000000eb180000,0x00000000ec180000,0x00000000ec180000)
  from space 2560K, 0% used [0x00000000ec400000,0x00000000ec400000,0x00000000ec680000)
  to   space 2560K, 0% used [0x00000000ec180000,0x00000000ec180000,0x00000000ec400000)
 ParOldGen       total 44032K, used 0K [0x00000000c1400000, 0x00000000c3f00000, 0x00000000eb180000)
  object space 44032K, 0% used [0x00000000c1400000,0x00000000c1400000,0x00000000c3f00000)
 Metaspace       used 8670K, capacity 8831K, committed 8960K, reserved 1056768K
  class space    used 900K, capacity 954K, committed 1024K, reserved 1048576K
Event: 1.021 GC heap after
Heap after GC invocations=1 (full 0):
 PSYoungGen      total 18944K, used 2556K [0x00000000eb180000, 0x00000000ec680000, 0x0000000100000000)
  eden space 16384K, 0% used [0x00000000eb180000,0x00000000eb180000,0x00000000ec180000)
  from space 2560K, 99% used [0x00000000ec180000,0x00000000ec3ff160,0x00000000ec400000)
  to   space 2560K, 0% used [0x00000000ec400000,0x00000000ec400000,0x00000000ec680000)
 ParOldGen       total 44032K, used 19976K [0x00000000c1400000, 0x00000000c3f00000, 0x00000000eb180000)
  object space 44032K, 45% used [0x00000000c1400000,0x00000000c2782398,0x00000000c3f00000)
 Metaspace       used 8670K, capacity 8831K, committed 8960K, reserved 1056768K
  class space    used 900K, capacity 954K, committed 1024K, reserved 1048576K
}
Event: 1.084 GC heap before
{Heap before GC invocations=2 (full 0):
 PSYoungGen      total 18944K, used 17760K [0x00000000eb180000, 0x00000000ec680000, 0x0000000100000000)
  eden space 16384K, 92% used [0x00000000eb180000,0x00000000ec059150,0x00000000ec180000)
  from space 2560K, 99% used [0x00000000ec180000,0x00000000ec3ff160,0x00000000ec400000)
  to   space 2560K, 0% used [0x00000000ec400000,0x00000000ec400000,0x00000000ec680000)
 ParOldGen       total 44032K, used 19976K [0x00000000c1400000, 0x00000000c3f00000, 0x00000000eb180000)
  object space 44032K, 45% used [0x00000000c1400000,0x00000000c2782398,0x00000000c3f00000)
 Metaspace       used 8690K, capacity 8831K, committed 8960K, reserved 1056768K
  class space    used 901K, capacity 954K, committed 1024K, reserved 1048576K
Event: 1.086 GC heap after
Heap after GC invocations=2 (full 0):
 PSYoungGen      total 18944K, used 2241K [0x00000000eb180000, 0x00000000ed680000, 0x0000000100000000)
  eden space 16384K, 0% used [0x00000000eb180000,0x00000000eb180000,0x00000000ec180000)
  from space 2560K, 87% used [0x00000000ec400000,0x00000000ec6305e8,0x00000000ec680000)
  to   space 2560K, 0% used [0x00000000ec180000,0x00000000ec180000,0x00000000ec400000)
 ParOldGen       total 44032K, used 22094K [0x00000000c1400000, 0x00000000c3f00000, 0x00000000eb180000)
  object space 44032K, 50% used [0x00000000c1400000,0x00000000c2993938,0x00000000c3f00000)
 Metaspace       used 8690K, capacity 8831K, committed 8960K, reserved 1056768K
  class space    used 901K, capacity 954K, committed 1024K, reserved 1048576K
}
Event: 1.086 GC heap before
{Heap before GC invocations=3 (full 1):
 PSYoungGen      total 18944K, used 2241K [0x00000000eb180000, 0x00000000ed680000, 0x0000000100000000)
  eden space 16384K, 0% used [0x00000000eb180000,0x00000000eb180000,0x00000000ec180000)
  from space 2560K, 87% used [0x00000000ec400000,0x00000000ec6305e8,0x00000000ec680000)
  to   space 2560K, 0% used [0x00000000ec180000,0x00000000ec180000,0x00000000ec400000)
 ParOldGen       total 44032K, used 22094K [0x00000000c1400000, 0x00000000c3f00000, 0x00000000eb180000)
  object space 44032K, 50% used [0x00000000c1400000,0x00000000c2993938,0x00000000c3f00000)
 Metaspace       used 8690K, capacity 8831K, committed 8960K, reserved 1056768K
  class space    used 901K, capacity 954K, committed 1024K, reserved 1048576K
Event: 1.100 GC heap after
Heap after GC invocations=3 (full 1):
 PSYoungGen      total 18944K, used 0K [0x00000000eb180000, 0x00000000ed680000, 0x0000000100000000)
  eden space 16384K, 0% used [0x00000000eb180000,0x00000000eb180000,0x00000000ec180000)
  from space 2560K, 0% used [0x00000000ec400000,0x00000000ec400000,0x00000000ec680000)
  to   space 2560K, 0% used [0x00000000ec180000,0x00000000ec180000,0x00000000ec400000)
 ParOldGen       total 50176K, used 2646K [0x00000000c1400000, 0x00000000c4500000, 0x00000000eb180000)
  object space 50176K, 5% used [0x00000000c1400000,0x00000000c1695b98,0x00000000c4500000)
 Metaspace       used 8690K, capacity 8831K, committed 8960K, reserved 1056768K
  class space    used 901K, capacity 954K, committed 1024K, reserved 1048576K
}
Event: 1.123 GC heap before
{Heap before GC invocations=4 (full 1):
 PSYoungGen      total 18944K, used 16384K [0x00000000eb180000, 0x00000000ed680000, 0x0000000100000000)
  eden space 16384K, 100% used [0x00000000eb180000,0x00000000ec180000,0x00000000ec180000)
  from space 2560K, 0% used [0x00000000ec400000,0x00000000ec400000,0x00000000ec680000)
  to   space 2560K, 0% used [0x00000000ec180000,0x00000000ec180000,0x00000000ec400000)
 ParOldGen       total 50176K, used 2646K [0x00000000c1400000, 0x00000000c4500000, 0x00000000eb180000)
  object space 50176K, 5% used [0x00000000c1400000,0x00000000c1695b98,0x00000000c4500000)
 Metaspace       used 8691K, capacity 8831K, committed 8960K, reserved 1056768K
  class space    used 901K, capacity 954K, committed 1024K, reserved 1048576K
Event: 1.126 GC heap after
Heap after GC invocations=4 (full 1):
 PSYoungGen      total 18944K, used 1630K [0x00000000eb180000, 0x00000000ed300000, 0x0000000100000000)
  eden space 16384K, 0% used [0x00000000eb180000,0x00000000eb180000,0x00000000ec180000)
  from space 2560K, 63% used [0x00000000ec180000,0x00000000ec317910,0x00000000ec400000)
  to   space 2560K, 0% used [0x00000000ed080000,0x00000000ed080000,0x00000000ed300000)
 ParOldGen       total 50176K, used 20308K [0x00000000c1400000, 0x00000000c4500000, 0x00000000eb180000)
  object space 50176K, 40% used [0x00000000c1400000,0x00000000c27d5228,0x00000000c4500000)
 Metaspace       used 8691K, capacity 8831K, committed 8960K, reserved 1056768K
  class space    used 901K, capacity 954K, committed 1024K, reserved 1048576K
}

